This is pdfTeX, Version 3.14159265-2.6-1.40.21 (TeX Live 2020/Arch Linux) (preloaded format=pdflatex 2021.3.16)  21 MAR 2021 18:41
entering extended mode
 restricted \write18 enabled.
 file:line:error style messages enabled.
 %&-line parsing enabled.
**"/home/dquesada/Documents/Proyectos/REPO ESTADISTICA/ProyectoEstatisdica/Informe.tex"
(/home/dquesada/Documents/Proyectos/REPO ESTADISTICA/ProyectoEstatisdica/Informe.tex
LaTeX2e <2020-10-01> patch level 2
L3 programming layer <2020-12-03> xparse <2020-03-03> (/usr/share/texmf-dist/tex/latex/base/article.cls
Document Class: article 2020/04/10 v1.4m Standard LaTeX document class
(/usr/share/texmf-dist/tex/latex/base/size12.clo
File: size12.clo 2020/04/10 v1.4m Standard LaTeX file (size option)
)
\c@part=\count177
\c@section=\count178
\c@subsection=\count179
\c@subsubsection=\count180
\c@paragraph=\count181
\c@subparagraph=\count182
\c@figure=\count183
\c@table=\count184
\abovecaptionskip=\skip47
\belowcaptionskip=\skip48
\bibindent=\dimen138
) (/usr/share/texmf-dist/tex/latex/hyperref/hyperref.sty
Package: hyperref 2020-05-15 v7.00e Hypertext links for LaTeX
 (/usr/share/texmf-dist/tex/generic/ltxcmds/ltxcmds.sty
Package: ltxcmds 2020-05-10 v1.25 LaTeX kernel commands for general use (HO)
) (/usr/share/texmf-dist/tex/generic/iftex/iftex.sty
Package: iftex 2020/03/06 v1.0d TeX engine tests
) (/usr/share/texmf-dist/tex/generic/pdftexcmds/pdftexcmds.sty
Package: pdftexcmds 2020-06-27 v0.33 Utility functions of pdfTeX for LuaTeX (HO)
 (/usr/share/texmf-dist/tex/generic/infwarerr/infwarerr.sty
Package: infwarerr 2019/12/03 v1.5 Providing info/warning/error messages (HO)
)
Package pdftexcmds Info: \pdf@primitive is available.
Package pdftexcmds Info: \pdf@ifprimitive is available.
Package pdftexcmds Info: \pdfdraftmode found.
) (/usr/share/texmf-dist/tex/latex/graphics/keyval.sty
Package: keyval 2014/10/28 v1.15 key=value parser (DPC)
\KV@toks@=\toks15
) (/usr/share/texmf-dist/tex/generic/kvsetkeys/kvsetkeys.sty
Package: kvsetkeys 2019/12/15 v1.18 Key value parser (HO)
) (/usr/share/texmf-dist/tex/generic/kvdefinekeys/kvdefinekeys.sty
Package: kvdefinekeys 2019-12-19 v1.6 Define keys (HO)
) (/usr/share/texmf-dist/tex/generic/pdfescape/pdfescape.sty
Package: pdfescape 2019/12/09 v1.15 Implements pdfTeX's escape features (HO)
) (/usr/share/texmf-dist/tex/latex/hycolor/hycolor.sty
Package: hycolor 2020-01-27 v1.10 Color options for hyperref/bookmark (HO)
) (/usr/share/texmf-dist/tex/latex/letltxmacro/letltxmacro.sty
Package: letltxmacro 2019/12/03 v1.6 Let assignment for LaTeX macros (HO)
) (/usr/share/texmf-dist/tex/latex/auxhook/auxhook.sty
Package: auxhook 2019-12-17 v1.6 Hooks for auxiliary files (HO)
) (/usr/share/texmf-dist/tex/latex/kvoptions/kvoptions.sty
Package: kvoptions 2020-10-07 v3.14 Key value format for package options (HO)
)
\@linkdim=\dimen139
\Hy@linkcounter=\count185
\Hy@pagecounter=\count186
 (/usr/share/texmf-dist/tex/latex/hyperref/pd1enc.def
File: pd1enc.def 2020-05-15 v7.00e Hyperref: PDFDocEncoding definition (HO)
Now handling font encoding PD1 ...
... no UTF-8 mapping file for font encoding PD1
) (/usr/share/texmf-dist/tex/generic/intcalc/intcalc.sty
Package: intcalc 2019/12/15 v1.3 Expandable calculations with integers (HO)
) (/usr/share/texmf-dist/tex/generic/etexcmds/etexcmds.sty
Package: etexcmds 2019/12/15 v1.7 Avoid name clashes with e-TeX commands (HO)
)
\Hy@SavedSpaceFactor=\count187
Package hyperref Info: Hyper figures OFF on input line 4464.
Package hyperref Info: Link nesting OFF on input line 4469.
Package hyperref Info: Hyper index ON on input line 4472.
Package hyperref Info: Plain pages OFF on input line 4479.
Package hyperref Info: Backreferencing OFF on input line 4484.
Package hyperref Info: Implicit mode ON; LaTeX internals redefined.
Package hyperref Info: Bookmarks ON on input line 4717.
\c@Hy@tempcnt=\count188
 (/usr/share/texmf-dist/tex/latex/url/url.sty
\Urlmuskip=\muskip16
Package: url 2013/09/16  ver 3.4  Verb mode for urls, etc.
)
LaTeX Info: Redefining \url on input line 5076.
\XeTeXLinkMargin=\dimen140
 (/usr/share/texmf-dist/tex/generic/bitset/bitset.sty
Package: bitset 2019/12/09 v1.3 Handle bit-vector datatype (HO)
 (/usr/share/texmf-dist/tex/generic/bigintcalc/bigintcalc.sty
Package: bigintcalc 2019/12/15 v1.5 Expandable calculations on big integers (HO)
))
\Fld@menulength=\count189
\Field@Width=\dimen141
\Fld@charsize=\dimen142
Package hyperref Info: Hyper figures OFF on input line 6347.
Package hyperref Info: Link nesting OFF on input line 6352.
Package hyperref Info: Hyper index ON on input line 6355.
Package hyperref Info: backreferencing OFF on input line 6362.
Package hyperref Info: Link coloring OFF on input line 6367.
Package hyperref Info: Link coloring with OCG OFF on input line 6372.
Package hyperref Info: PDF/A mode OFF on input line 6377.
LaTeX Info: Redefining \ref on input line 6417.
LaTeX Info: Redefining \pageref on input line 6421.
 (/usr/share/texmf-dist/tex/latex/base/atbegshi-ltx.sty
Package: atbegshi-ltx 2020/08/17 v1.0a Emulation of the original atbegshi package
with kernel methods
)
\Hy@abspage=\count190
\c@Item=\count191
\c@Hfootnote=\count192
)
Package hyperref Info: Driver (autodetected): hpdftex.
 (/usr/share/texmf-dist/tex/latex/hyperref/hpdftex.def
File: hpdftex.def 2020-05-15 v7.00e Hyperref driver for pdfTeX
 (/usr/share/texmf-dist/tex/latex/base/atveryend-ltx.sty
Package: atveryend-ltx 2020/08/19 v1.0a Emulation of the original atvery package
with kernel methods
)
\Fld@listcount=\count193
\c@bookmark@seq@number=\count194
 (/usr/share/texmf-dist/tex/latex/rerunfilecheck/rerunfilecheck.sty
Package: rerunfilecheck 2019/12/05 v1.9 Rerun checks for auxiliary files (HO)
 (/usr/share/texmf-dist/tex/generic/uniquecounter/uniquecounter.sty
Package: uniquecounter 2019/12/15 v1.4 Provide unlimited unique counter (HO)
)
Package uniquecounter Info: New unique counter `rerunfilecheck' on input line 286.
)
\Hy@SectionHShift=\skip49
) (/usr/share/texmf-dist/tex/latex/graphics/graphicx.sty
Package: graphicx 2020/09/09 v1.2b Enhanced LaTeX Graphics (DPC,SPQR)
 (/usr/share/texmf-dist/tex/latex/graphics/graphics.sty
Package: graphics 2020/08/30 v1.4c Standard LaTeX Graphics (DPC,SPQR)
 (/usr/share/texmf-dist/tex/latex/graphics/trig.sty
Package: trig 2016/01/03 v1.10 sin cos tan (DPC)
) (/usr/share/texmf-dist/tex/latex/graphics-cfg/graphics.cfg
File: graphics.cfg 2016/06/04 v1.11 sample graphics configuration
)
Package graphics Info: Driver file: pdftex.def on input line 105.
 (/usr/share/texmf-dist/tex/latex/graphics-def/pdftex.def
File: pdftex.def 2020/10/05 v1.2a Graphics/color driver for pdftex
))
\Gin@req@height=\dimen143
\Gin@req@width=\dimen144
) (/usr/share/texmf-dist/tex/latex/caption/subcaption.sty
Package: subcaption 2020/10/07 v1.3j Sub-captions (AR)
 (/usr/share/texmf-dist/tex/latex/caption/caption.sty
Package: caption 2020/10/26 v3.5g Customizing captions (AR)
 (/usr/share/texmf-dist/tex/latex/caption/caption3.sty
Package: caption3 2020/10/21 v2.2e caption3 kernel (AR)
\captionmargin=\dimen145
\captionmargin@=\dimen146
\captionwidth=\dimen147
\caption@tempdima=\dimen148
\caption@indent=\dimen149
\caption@parindent=\dimen150
\caption@hangindent=\dimen151
Package caption Info: Standard document class detected.
)
\c@caption@flags=\count195
\c@continuedfloat=\count196
Package caption Info: hyperref package is loaded.
)
\c@subfigure=\count197
\c@subtable=\count198
) (/usr/share/texmf-dist/tex/latex/l3backend/l3backend-pdftex.def
File: l3backend-pdftex.def 2020-09-24 L3 backend support: PDF output (pdfTeX)
\l__kernel_color_stack_int=\count199
\l__pdf_internal_box=\box47
) (/home/dquesada/Documents/Proyectos/REPO ESTADISTICA/ProyectoEstatisdica/Informe.aux

LaTeX Warning: Label `figure' multiply defined.


LaTeX Warning: Label `figure' multiply defined.


LaTeX Warning: Label `figure' multiply defined.


LaTeX Warning: Label `figure' multiply defined.


LaTeX Warning: Label `figure' multiply defined.


LaTeX Warning: Label `figure' multiply defined.


LaTeX Warning: Label `figure' multiply defined.

)
LaTeX Font Info:    Checking defaults for OML/cmm/m/it on input line 5.
LaTeX Font Info:    ... okay on input line 5.
LaTeX Font Info:    Checking defaults for OMS/cmsy/m/n on input line 5.
LaTeX Font Info:    ... okay on input line 5.
LaTeX Font Info:    Checking defaults for OT1/cmr/m/n on input line 5.
LaTeX Font Info:    ... okay on input line 5.
LaTeX Font Info:    Checking defaults for T1/cmr/m/n on input line 5.
LaTeX Font Info:    ... okay on input line 5.
LaTeX Font Info:    Checking defaults for TS1/cmr/m/n on input line 5.
LaTeX Font Info:    ... okay on input line 5.
LaTeX Font Info:    Checking defaults for OMX/cmex/m/n on input line 5.
LaTeX Font Info:    ... okay on input line 5.
LaTeX Font Info:    Checking defaults for U/cmr/m/n on input line 5.
LaTeX Font Info:    ... okay on input line 5.
LaTeX Font Info:    Checking defaults for PD1/pdf/m/n on input line 5.
LaTeX Font Info:    ... okay on input line 5.
Package hyperref Info: Link coloring OFF on input line 5.
 (/usr/share/texmf-dist/tex/latex/hyperref/nameref.sty
Package: nameref 2019/09/16 v2.46 Cross-referencing by name of section
 (/usr/share/texmf-dist/tex/latex/refcount/refcount.sty
Package: refcount 2019/12/15 v3.6 Data extraction from label references (HO)
) (/usr/share/texmf-dist/tex/generic/gettitlestring/gettitlestring.sty
Package: gettitlestring 2019/12/15 v1.6 Cleanup title references (HO)
)
\c@section@level=\count266
)
LaTeX Info: Redefining \ref on input line 5.
LaTeX Info: Redefining \pageref on input line 5.
LaTeX Info: Redefining \nameref on input line 5.
 (/home/dquesada/Documents/Proyectos/REPO ESTADISTICA/ProyectoEstatisdica/Informe.out) (/home/dquesada/Documents/Proyectos/REPO ESTADISTICA/ProyectoEstatisdica/Informe.out)
\@outlinefile=\write3
 (/usr/share/texmf-dist/tex/context/base/mkii/supp-pdf.mkii
[Loading MPS to PDF converter (version 2006.09.02).]
\scratchcounter=\count267
\scratchdimen=\dimen152
\scratchbox=\box48
\nofMPsegments=\count268
\nofMParguments=\count269
\everyMPshowfont=\toks16
\MPscratchCnt=\count270
\MPscratchDim=\dimen153
\MPnumerator=\count271
\makeMPintoPDFobject=\count272
\everyMPtoPDFconversion=\toks17
) (/usr/share/texmf-dist/tex/latex/epstopdf-pkg/epstopdf-base.sty
Package: epstopdf-base 2020-01-24 v2.11 Base part for package epstopdf
Package epstopdf-base Info: Redefining graphics rule for `.eps' on input line 485.
 (/usr/share/texmf-dist/tex/latex/latexconfig/epstopdf-sys.cfg
File: epstopdf-sys.cfg 2010/07/13 v1.3 Configuration of (r)epstopdf for TeX Live
))
Package caption Info: Begin \AtBeginDocument code.
Package caption Info: End \AtBeginDocument code.
LaTeX Font Info:    External font `cmex10' loaded for size
(Font)              <14.4> on input line 13.
LaTeX Font Info:    External font `cmex10' loaded for size
(Font)              <7> on input line 13.

Underfull \hbox (badness 10000) in paragraph at lines 15--16

 []


Underfull \hbox (badness 10000) in paragraph at lines 17--19

 []


Underfull \hbox (badness 10000) in paragraph at lines 20--38

 []


Underfull \hbox (badness 10000) in paragraph at lines 20--38

 []


Underfull \hbox (badness 10000) in paragraph at lines 20--38

 []

[1

{/var/lib/texmf/fonts/map/pdftex/updmap/pdftex.map}]
LaTeX Font Info:    External font `cmex10' loaded for size
(Font)              <12> on input line 40.
LaTeX Font Info:    External font `cmex10' loaded for size
(Font)              <8> on input line 40.
LaTeX Font Info:    External font `cmex10' loaded for size
(Font)              <6> on input line 40.

Underfull \hbox (badness 10000) in paragraph at lines 40--41

 []


Underfull \hbox (badness 10000) in paragraph at lines 42--49

 []


Underfull \hbox (badness 10000) in paragraph at lines 42--49

 []


Underfull \hbox (badness 10000) in paragraph at lines 50--54

 []


Underfull \hbox (badness 10000) in paragraph at lines 55--59

 []


Underfull \hbox (badness 10000) in paragraph at lines 60--64

 []


Underfull \hbox (badness 10000) in paragraph at lines 60--64

 []


Underfull \hbox (badness 10000) in paragraph at lines 65--73

 []


Underfull \hbox (badness 10000) in paragraph at lines 65--73

 []

[2]
Underfull \hbox (badness 10000) in paragraph at lines 74--75

 []


Underfull \hbox (badness 10000) in paragraph at lines 76--83

 []


Underfull \hbox (badness 10000) in paragraph at lines 76--83

 []


Underfull \hbox (badness 10000) in paragraph at lines 84--88

 []


Underfull \hbox (badness 10000) in paragraph at lines 89--93

 []


Underfull \hbox (badness 10000) in paragraph at lines 94--98

 []


Underfull \hbox (badness 10000) in paragraph at lines 94--98

 []

[3]
Underfull \hbox (badness 10000) in paragraph at lines 100--105

 []


Underfull \hbox (badness 10000) in paragraph at lines 100--105

 []


Underfull \hbox (badness 10000) in paragraph at lines 106--107

 []


Underfull \hbox (badness 10000) in paragraph at lines 108--115

 []


Underfull \hbox (badness 10000) in paragraph at lines 108--115

 []


Underfull \hbox (badness 10000) in paragraph at lines 116--120

 []


Underfull \hbox (badness 10000) in paragraph at lines 121--125

 []


Underfull \hbox (badness 10000) in paragraph at lines 126--130

 []


Underfull \hbox (badness 10000) in paragraph at lines 126--130

 []


Underfull \hbox (badness 10000) in paragraph at lines 131--132

 []


Underfull \hbox (badness 10000) in paragraph at lines 131--132

 []


Underfull \hbox (badness 10000) in paragraph at lines 133--138

 []

[4]
Underfull \hbox (badness 10000) in paragraph at lines 139--140

 []


Underfull \hbox (badness 10000) in paragraph at lines 141--148

 []


Underfull \hbox (badness 10000) in paragraph at lines 141--148

 []


Underfull \hbox (badness 10000) in paragraph at lines 149--153

 []


Underfull \hbox (badness 10000) in paragraph at lines 154--158

 []


Underfull \hbox (badness 10000) in paragraph at lines 159--163

 []


Underfull \hbox (badness 10000) in paragraph at lines 159--163

 []


Underfull \hbox (badness 10000) in paragraph at lines 164--182

 []

[5]
Underfull \hbox (badness 10000) in paragraph at lines 183--184

 []


Underfull \hbox (badness 10000) in paragraph at lines 185--192

 []


Underfull \hbox (badness 10000) in paragraph at lines 185--192

 []


Underfull \hbox (badness 10000) in paragraph at lines 193--197

 []


Underfull \hbox (badness 10000) in paragraph at lines 198--202

 []


Underfull \hbox (badness 10000) in paragraph at lines 203--207

 []


Underfull \hbox (badness 10000) in paragraph at lines 203--207

 []

<./datos generados (Ejercicio 1)/replacement_sample1_boxplot.png, id=28, 481.8pt x 481.8pt>
File: ./datos generados (Ejercicio 1)/replacement_sample1_boxplot.png Graphic file (type png)
<use ./datos generados (Ejercicio 1)/replacement_sample1_boxplot.png>
Package pdftex.def Info: ./datos generados (Ejercicio 1)/replacement_sample1_boxplot.png  used on input line 211.
(pdftex.def)             Requested size: 155.99762pt x 155.99501pt.
<./datos generados (Ejercicio 1)/replacement_sample1_hist.png, id=29, 481.8pt x 481.8pt>
File: ./datos generados (Ejercicio 1)/replacement_sample1_hist.png Graphic file (type png)
<use ./datos generados (Ejercicio 1)/replacement_sample1_hist.png>
Package pdftex.def Info: ./datos generados (Ejercicio 1)/replacement_sample1_hist.png  used on input line 215.
(pdftex.def)             Requested size: 155.99762pt x 155.99501pt.
<./datos generados (Ejercicio 1)/replacement_sample2_boxplot.png, id=30, 481.8pt x 481.8pt>
File: ./datos generados (Ejercicio 1)/replacement_sample2_boxplot.png Graphic file (type png)
<use ./datos generados (Ejercicio 1)/replacement_sample2_boxplot.png>
Package pdftex.def Info: ./datos generados (Ejercicio 1)/replacement_sample2_boxplot.png  used on input line 227.
(pdftex.def)             Requested size: 155.99762pt x 155.99501pt.
<./datos generados (Ejercicio 1)/replacement_sample2_hist.png, id=31, 481.8pt x 481.8pt>
File: ./datos generados (Ejercicio 1)/replacement_sample2_hist.png Graphic file (type png)
<use ./datos generados (Ejercicio 1)/replacement_sample2_hist.png>
Package pdftex.def Info: ./datos generados (Ejercicio 1)/replacement_sample2_hist.png  used on input line 231.
(pdftex.def)             Requested size: 155.99762pt x 155.99501pt.
<./datos generados (Ejercicio 1)/replacement_sample3_boxplot.png, id=32, 481.8pt x 481.8pt>
File: ./datos generados (Ejercicio 1)/replacement_sample3_boxplot.png Graphic file (type png)
<use ./datos generados (Ejercicio 1)/replacement_sample3_boxplot.png>
Package pdftex.def Info: ./datos generados (Ejercicio 1)/replacement_sample3_boxplot.png  used on input line 243.
(pdftex.def)             Requested size: 155.99762pt x 155.99501pt.
<./datos generados (Ejercicio 1)/replacement_sample3_hist.png, id=33, 481.8pt x 481.8pt>
File: ./datos generados (Ejercicio 1)/replacement_sample3_hist.png Graphic file (type png)
<use ./datos generados (Ejercicio 1)/replacement_sample3_hist.png>
Package pdftex.def Info: ./datos generados (Ejercicio 1)/replacement_sample3_hist.png  used on input line 247.
(pdftex.def)             Requested size: 155.99762pt x 155.99501pt.
<./datos generados (Ejercicio 1)/replacement_sample4_boxplot.png, id=34, 481.8pt x 481.8pt>
File: ./datos generados (Ejercicio 1)/replacement_sample4_boxplot.png Graphic file (type png)
<use ./datos generados (Ejercicio 1)/replacement_sample4_boxplot.png>
Package pdftex.def Info: ./datos generados (Ejercicio 1)/replacement_sample4_boxplot.png  used on input line 259.
(pdftex.def)             Requested size: 155.99762pt x 155.99501pt.
<./datos generados (Ejercicio 1)/replacement_sample4_hist.png, id=35, 481.8pt x 481.8pt>
File: ./datos generados (Ejercicio 1)/replacement_sample4_hist.png Graphic file (type png)
<use ./datos generados (Ejercicio 1)/replacement_sample4_hist.png>
Package pdftex.def Info: ./datos generados (Ejercicio 1)/replacement_sample4_hist.png  used on input line 263.
(pdftex.def)             Requested size: 155.99762pt x 155.99501pt.
<./datos generados (Ejercicio 1)/no_replacement_sample1_boxplot.png, id=36, 481.8pt x 481.8pt>
File: ./datos generados (Ejercicio 1)/no_replacement_sample1_boxplot.png Graphic file (type png)
<use ./datos generados (Ejercicio 1)/no_replacement_sample1_boxplot.png>
Package pdftex.def Info: ./datos generados (Ejercicio 1)/no_replacement_sample1_boxplot.png  used on input line 276.
(pdftex.def)             Requested size: 155.99762pt x 155.99501pt.
<./datos generados (Ejercicio 1)/no_replacement_sample1_hist.png, id=37, 481.8pt x 481.8pt>
File: ./datos generados (Ejercicio 1)/no_replacement_sample1_hist.png Graphic file (type png)
<use ./datos generados (Ejercicio 1)/no_replacement_sample1_hist.png>
Package pdftex.def Info: ./datos generados (Ejercicio 1)/no_replacement_sample1_hist.png  used on input line 280.
(pdftex.def)             Requested size: 155.99762pt x 155.99501pt.
<./datos generados (Ejercicio 1)/no_replacement_sample2_boxplot.png, id=38, 481.8pt x 481.8pt>
File: ./datos generados (Ejercicio 1)/no_replacement_sample2_boxplot.png Graphic file (type png)
<use ./datos generados (Ejercicio 1)/no_replacement_sample2_boxplot.png>
Package pdftex.def Info: ./datos generados (Ejercicio 1)/no_replacement_sample2_boxplot.png  used on input line 292.
(pdftex.def)             Requested size: 155.99762pt x 155.99501pt.
<./datos generados (Ejercicio 1)/no_replacement_sample2_hist.png, id=39, 481.8pt x 481.8pt>
File: ./datos generados (Ejercicio 1)/no_replacement_sample2_hist.png Graphic file (type png)
<use ./datos generados (Ejercicio 1)/no_replacement_sample2_hist.png>
Package pdftex.def Info: ./datos generados (Ejercicio 1)/no_replacement_sample2_hist.png  used on input line 296.
(pdftex.def)             Requested size: 155.99762pt x 155.99501pt.
<./datos generados (Ejercicio 1)/no_replacement_sample3_boxplot.png, id=40, 481.8pt x 481.8pt>
File: ./datos generados (Ejercicio 1)/no_replacement_sample3_boxplot.png Graphic file (type png)
<use ./datos generados (Ejercicio 1)/no_replacement_sample3_boxplot.png>
Package pdftex.def Info: ./datos generados (Ejercicio 1)/no_replacement_sample3_boxplot.png  used on input line 308.
(pdftex.def)             Requested size: 155.99762pt x 155.99501pt.
<./datos generados (Ejercicio 1)/no_replacement_sample3_hist.png, id=41, 481.8pt x 481.8pt>
File: ./datos generados (Ejercicio 1)/no_replacement_sample3_hist.png Graphic file (type png)
<use ./datos generados (Ejercicio 1)/no_replacement_sample3_hist.png>
Package pdftex.def Info: ./datos generados (Ejercicio 1)/no_replacement_sample3_hist.png  used on input line 312.
(pdftex.def)             Requested size: 155.99762pt x 155.99501pt.
<./datos generados (Ejercicio 1)/no_replacement_sample4_boxplot.png, id=42, 481.8pt x 481.8pt>
File: ./datos generados (Ejercicio 1)/no_replacement_sample4_boxplot.png Graphic file (type png)
<use ./datos generados (Ejercicio 1)/no_replacement_sample4_boxplot.png>
Package pdftex.def Info: ./datos generados (Ejercicio 1)/no_replacement_sample4_boxplot.png  used on input line 324.
(pdftex.def)             Requested size: 155.99762pt x 155.99501pt.
<./datos generados (Ejercicio 1)/no_replacement_sample4_hist.png, id=43, 481.8pt x 481.8pt>
File: ./datos generados (Ejercicio 1)/no_replacement_sample4_hist.png Graphic file (type png)
<use ./datos generados (Ejercicio 1)/no_replacement_sample4_hist.png>
Package pdftex.def Info: ./datos generados (Ejercicio 1)/no_replacement_sample4_hist.png  used on input line 328.
(pdftex.def)             Requested size: 155.99762pt x 155.99501pt.
[6] [7 </home/dquesada/Documents/Proyectos/REPO ESTADISTICA/ProyectoEstatisdica/./datos generados (Ejercicio 1)/replacement_sample1_boxplot.png> </home/dquesada/Documents/Proyectos/REPO ESTADISTICA/ProyectoEstatisdica/./datos generados (Ejercicio 1)/replacement_sample1_hist.png> </home/dquesada/Documents/Proyectos/REPO ESTADISTICA/ProyectoEstatisdica/./datos generados (Ejercicio 1)/replacement_sample2_boxplot.png> </home/dquesada/Documents/Proyectos/REPO ESTADISTICA/ProyectoEstatisdica/./datos generados (Ejercicio 1)/replacement_sample2_hist.png>] [8 </home/dquesada/Documents/Proyectos/REPO ESTADISTICA/ProyectoEstatisdica/./datos generados (Ejercicio 1)/replacement_sample3_boxplot.png> </home/dquesada/Documents/Proyectos/REPO ESTADISTICA/ProyectoEstatisdica/./datos generados (Ejercicio 1)/replacement_sample3_hist.png> </home/dquesada/Documents/Proyectos/REPO ESTADISTICA/ProyectoEstatisdica/./datos generados (Ejercicio 1)/replacement_sample4_boxplot.png> </home/dquesada/Documents/Proyectos/REPO ESTADISTICA/ProyectoEstatisdica/./datos generados (Ejercicio 1)/replacement_sample4_hist.png>] [9 </home/dquesada/Documents/Proyectos/REPO ESTADISTICA/ProyectoEstatisdica/./datos generados (Ejercicio 1)/no_replacement_sample1_boxplot.png> </home/dquesada/Documents/Proyectos/REPO ESTADISTICA/ProyectoEstatisdica/./datos generados (Ejercicio 1)/no_replacement_sample1_hist.png> </home/dquesada/Documents/Proyectos/REPO ESTADISTICA/ProyectoEstatisdica/./datos generados (Ejercicio 1)/no_replacement_sample2_boxplot.png> </home/dquesada/Documents/Proyectos/REPO ESTADISTICA/ProyectoEstatisdica/./datos generados (Ejercicio 1)/no_replacement_sample2_hist.png>] [10 </home/dquesada/Documents/Proyectos/REPO ESTADISTICA/ProyectoEstatisdica/./datos generados (Ejercicio 1)/no_replacement_sample3_boxplot.png> </home/dquesada/Documents/Proyectos/REPO ESTADISTICA/ProyectoEstatisdica/./datos generados (Ejercicio 1)/no_replacement_sample3_hist.png> </home/dquesada/Documents/Proyectos/REPO ESTADISTICA/ProyectoEstatisdica/./datos generados (Ejercicio 1)/no_replacement_sample4_boxplot.png> </home/dquesada/Documents/Proyectos/REPO ESTADISTICA/ProyectoEstatisdica/./datos generados (Ejercicio 1)/no_replacement_sample4_hist.png>] (/home/dquesada/Documents/Proyectos/REPO ESTADISTICA/ProyectoEstatisdica/Informe.aux)
Package rerunfilecheck Info: File `Informe.out' has not changed.
(rerunfilecheck)             Checksum: D41D8CD98F00B204E9800998ECF8427E;0.


LaTeX Warning: There were multiply-defined labels.

 ) 
Here is how much of TeX's memory you used:
 6500 strings out of 479383
 110319 string characters out of 5875830
 407961 words of memory out of 5000000
 23501 multiletter control sequences out of 15000+600000
 408898 words of font info for 45 fonts, out of 8000000 for 9000
 1141 hyphenation exceptions out of 8191
 66i,7n,74p,371b,530s stack positions out of 5000i,500n,10000p,200000b,80000s
</usr/share/texmf-dist/fonts/type1/public/amsfonts/cm/cmbx12.pfb></usr/share/texmf-dist/fonts/type1/public/amsfonts/cm/cmmi12.pfb></usr/share/texmf-dist/fonts/type1/public/amsfonts/cm/cmr10.pfb></usr/share/texmf-dist/fonts/type1/public/amsfonts/cm/cmr12.pfb>
Output written on "/home/dquesada/Documents/Proyectos/REPO ESTADISTICA/ProyectoEstatisdica/Informe.pdf" (10 pages, 98224 bytes).
PDF statistics:
 111 PDF objects out of 1000 (max. 8388607)
 62 compressed objects within 1 object stream
 19 named destinations out of 1000 (max. 500000)
 81 words of extra memory for PDF output out of 10000 (max. 10000000)

